mode: set
blog-gin_golang_v177/lib/httpcli/resty.go:19.68,22.2 2 0
blog-gin_golang_v177/lib/httpcli/resty.go:24.64,26.2 1 1
blog-gin_golang_v177/lib/env/env.go:11.47,12.56 1 0
blog-gin_golang_v177/lib/env/env.go:15.2,15.21 1 0
blog-gin_golang_v177/lib/env/env.go:12.56,14.3 1 0
blog-gin_golang_v177/lib/env/env.go:20.48,21.41 1 0
blog-gin_golang_v177/lib/env/env.go:29.2,29.21 1 0
blog-gin_golang_v177/lib/env/env.go:21.41,23.17 2 0
blog-gin_golang_v177/lib/env/env.go:26.3,26.17 1 0
blog-gin_golang_v177/lib/env/env.go:23.17,24.79 1 0
blog-gin_golang_v177/lib/errorlog/gchat.go:19.47,35.22 7 0
blog-gin_golang_v177/lib/errorlog/gchat.go:47.2,47.12 1 0
blog-gin_golang_v177/lib/errorlog/gchat.go:35.22,42.17 3 0
blog-gin_golang_v177/lib/errorlog/gchat.go:42.17,44.4 1 0
blog-gin_golang_v177/lib/response/response.go:26.54,27.44 1 0
blog-gin_golang_v177/lib/response/response.go:41.2,41.53 1 0
blog-gin_golang_v177/lib/response/response.go:27.44,36.17 2 0
blog-gin_golang_v177/lib/response/response.go:36.17,38.4 1 0
blog-gin_golang_v177/lib/response/response.go:44.55,46.2 1 0
blog-gin_golang_v177/lib/response/response.go:48.95,60.2 1 0
blog-gin_golang_v177/test/http_call.go:15.81,25.16 4 1
blog-gin_golang_v177/test/http_call.go:28.2,32.16 4 1
blog-gin_golang_v177/test/http_call.go:35.2,35.23 1 1
blog-gin_golang_v177/test/http_call.go:25.16,27.3 1 0
blog-gin_golang_v177/test/http_call.go:32.16,34.3 1 0
